[0.008s] Invoking command in '/home/daniel/ros2_ws/src/edu_simulation/build/edu_simulation': CMAKE_PREFIX_PATH=${CMAKE_PREFIX_PATH}:/opt/ros/humble /usr/bin/cmake /home/daniel/ros2_ws/src/edu_simulation -DCMAKE_INSTALL_PREFIX=/home/daniel/ros2_ws/src/edu_simulation/install/edu_simulation
[0.125s] -- The C compiler identification is GNU 11.3.0
[0.161s] -- The CXX compiler identification is GNU 11.3.0
[0.167s] -- Detecting C compiler ABI info
[0.211s] -- Detecting C compiler ABI info - done
[0.216s] -- Check for working C compiler: /usr/bin/cc - skipped
[0.216s] -- Detecting C compile features
[0.217s] -- Detecting C compile features - done
[0.219s] -- Detecting CXX compiler ABI info
[0.264s] -- Detecting CXX compiler ABI info - done
[0.269s] -- Check for working CXX compiler: /usr/bin/c++ - skipped
[0.269s] -- Detecting CXX compile features
[0.269s] -- Detecting CXX compile features - done
[0.271s] -- Found ament_cmake: 1.3.2 (/opt/ros/humble/share/ament_cmake/cmake)
[0.378s] -- Found Python3: /usr/bin/python3.10 (found version "3.10.6") found components: Interpreter 
[0.494s] -- Configuring done
[0.496s] -- Generating done
[0.497s] -- Build files have been written to: /home/daniel/ros2_ws/src/edu_simulation/build/edu_simulation
[0.500s] Invoked command in '/home/daniel/ros2_ws/src/edu_simulation/build/edu_simulation' returned '0': CMAKE_PREFIX_PATH=${CMAKE_PREFIX_PATH}:/opt/ros/humble /usr/bin/cmake /home/daniel/ros2_ws/src/edu_simulation -DCMAKE_INSTALL_PREFIX=/home/daniel/ros2_ws/src/edu_simulation/install/edu_simulation
[0.501s] Invoking command in '/home/daniel/ros2_ws/src/edu_simulation/build/edu_simulation': CMAKE_PREFIX_PATH=${CMAKE_PREFIX_PATH}:/opt/ros/humble /usr/bin/cmake --build /home/daniel/ros2_ws/src/edu_simulation/build/edu_simulation -- -j8 -l8
[0.523s] Invoked command in '/home/daniel/ros2_ws/src/edu_simulation/build/edu_simulation' returned '0': CMAKE_PREFIX_PATH=${CMAKE_PREFIX_PATH}:/opt/ros/humble /usr/bin/cmake --build /home/daniel/ros2_ws/src/edu_simulation/build/edu_simulation -- -j8 -l8
[0.540s] Invoking command in '/home/daniel/ros2_ws/src/edu_simulation/build/edu_simulation': CMAKE_PREFIX_PATH=${CMAKE_PREFIX_PATH}:/opt/ros/humble /usr/bin/cmake --install /home/daniel/ros2_ws/src/edu_simulation/build/edu_simulation
[0.544s] -- Install configuration: ""
[0.544s] -- Installing: /home/daniel/ros2_ws/src/edu_simulation/install/edu_simulation/share/ament_index/resource_index/package_run_dependencies/edu_simulation
[0.544s] -- Installing: /home/daniel/ros2_ws/src/edu_simulation/install/edu_simulation/share/ament_index/resource_index/parent_prefix_path/edu_simulation
[0.544s] -- Installing: /home/daniel/ros2_ws/src/edu_simulation/install/edu_simulation/share/edu_simulation/environment/ament_prefix_path.sh
[0.544s] -- Installing: /home/daniel/ros2_ws/src/edu_simulation/install/edu_simulation/share/edu_simulation/environment/ament_prefix_path.dsv
[0.544s] -- Installing: /home/daniel/ros2_ws/src/edu_simulation/install/edu_simulation/share/edu_simulation/environment/path.sh
[0.545s] -- Installing: /home/daniel/ros2_ws/src/edu_simulation/install/edu_simulation/share/edu_simulation/environment/path.dsv
[0.545s] -- Installing: /home/daniel/ros2_ws/src/edu_simulation/install/edu_simulation/share/edu_simulation/local_setup.bash
[0.545s] -- Installing: /home/daniel/ros2_ws/src/edu_simulation/install/edu_simulation/share/edu_simulation/local_setup.sh
[0.545s] -- Installing: /home/daniel/ros2_ws/src/edu_simulation/install/edu_simulation/share/edu_simulation/local_setup.zsh
[0.545s] -- Installing: /home/daniel/ros2_ws/src/edu_simulation/install/edu_simulation/share/edu_simulation/local_setup.dsv
[0.545s] -- Installing: /home/daniel/ros2_ws/src/edu_simulation/install/edu_simulation/share/edu_simulation/package.dsv
[0.545s] -- Installing: /home/daniel/ros2_ws/src/edu_simulation/install/edu_simulation/share/ament_index/resource_index/packages/edu_simulation
[0.545s] -- Installing: /home/daniel/ros2_ws/src/edu_simulation/install/edu_simulation/share/edu_simulation/cmake/edu_simulationConfig.cmake
[0.545s] -- Installing: /home/daniel/ros2_ws/src/edu_simulation/install/edu_simulation/share/edu_simulation/cmake/edu_simulationConfig-version.cmake
[0.545s] -- Installing: /home/daniel/ros2_ws/src/edu_simulation/install/edu_simulation/share/edu_simulation/package.xml
[0.545s] -- Installing: /home/daniel/ros2_ws/src/edu_simulation/install/edu_simulation/share/edu_simulation//model
[0.545s] -- Installing: /home/daniel/ros2_ws/src/edu_simulation/install/edu_simulation/share/edu_simulation//model/TER3
[0.545s] -- Installing: /home/daniel/ros2_ws/src/edu_simulation/install/edu_simulation/share/edu_simulation//model/TER3/mesh
[0.545s] -- Installing: /home/daniel/ros2_ws/src/edu_simulation/install/edu_simulation/share/edu_simulation//model/TER3/mesh/TER3.dae
[0.545s] -- Installing: /home/daniel/ros2_ws/src/edu_simulation/install/edu_simulation/share/edu_simulation//model/TER3/mesh/TER3.stl
[0.546s] -- Installing: /home/daniel/ros2_ws/src/edu_simulation/install/edu_simulation/share/edu_simulation//model/TER3/model.config
[0.546s] -- Installing: /home/daniel/ros2_ws/src/edu_simulation/install/edu_simulation/share/edu_simulation//model/TER3/model.sdf
[0.546s] -- Installing: /home/daniel/ros2_ws/src/edu_simulation/install/edu_simulation/share/edu_simulation//model/eduard_offroad
[0.546s] -- Installing: /home/daniel/ros2_ws/src/edu_simulation/install/edu_simulation/share/edu_simulation//model/eduard_offroad/mesh
[0.546s] -- Installing: /home/daniel/ros2_ws/src/edu_simulation/install/edu_simulation/share/edu_simulation//model/eduard_offroad/mesh/eduard-chassis.dae
[0.551s] -- Installing: /home/daniel/ros2_ws/src/edu_simulation/install/edu_simulation/share/edu_simulation//model/eduard_offroad/mesh/offroad-wheel-eduard.dae
[0.551s] -- Installing: /home/daniel/ros2_ws/src/edu_simulation/install/edu_simulation/share/edu_simulation//model/eduard_offroad/model.config
[0.551s] -- Installing: /home/daniel/ros2_ws/src/edu_simulation/install/edu_simulation/share/edu_simulation//model/eduard_offroad/eduard.sdf
[0.551s] -- Installing: /home/daniel/ros2_ws/src/edu_simulation/install/edu_simulation/share/edu_simulation//model/eduard_mecanum
[0.551s] -- Installing: /home/daniel/ros2_ws/src/edu_simulation/install/edu_simulation/share/edu_simulation//model/eduard_mecanum/mesh
[0.551s] -- Installing: /home/daniel/ros2_ws/src/edu_simulation/install/edu_simulation/share/edu_simulation//model/eduard_mecanum/mesh/mecanum-wheel-left-eduard.dae
[0.553s] -- Installing: /home/daniel/ros2_ws/src/edu_simulation/install/edu_simulation/share/edu_simulation//model/eduard_mecanum/mesh/mecanum-wheel-right-eduard.dae
[0.553s] -- Installing: /home/daniel/ros2_ws/src/edu_simulation/install/edu_simulation/share/edu_simulation//model/eduard_mecanum/model.config
[0.554s] -- Installing: /home/daniel/ros2_ws/src/edu_simulation/install/edu_simulation/share/edu_simulation//model/eduard_mecanum/eduard.sdf
[0.554s] -- Installing: /home/daniel/ros2_ws/src/edu_simulation/install/edu_simulation/share/edu_simulation//model/TER0
[0.554s] -- Installing: /home/daniel/ros2_ws/src/edu_simulation/install/edu_simulation/share/edu_simulation//model/TER0/mesh
[0.554s] -- Installing: /home/daniel/ros2_ws/src/edu_simulation/install/edu_simulation/share/edu_simulation//model/TER0/mesh/TER0.dae
[0.554s] -- Installing: /home/daniel/ros2_ws/src/edu_simulation/install/edu_simulation/share/edu_simulation//model/TER0/mesh/TER0.stl
[0.554s] -- Installing: /home/daniel/ros2_ws/src/edu_simulation/install/edu_simulation/share/edu_simulation//model/TER0/model.config
[0.554s] -- Installing: /home/daniel/ros2_ws/src/edu_simulation/install/edu_simulation/share/edu_simulation//model/TER0/model.sdf
[0.554s] -- Installing: /home/daniel/ros2_ws/src/edu_simulation/install/edu_simulation/share/edu_simulation//model/TER2
[0.554s] -- Installing: /home/daniel/ros2_ws/src/edu_simulation/install/edu_simulation/share/edu_simulation//model/TER2/mesh
[0.554s] -- Installing: /home/daniel/ros2_ws/src/edu_simulation/install/edu_simulation/share/edu_simulation//model/TER2/mesh/TER2.stl
[0.554s] -- Installing: /home/daniel/ros2_ws/src/edu_simulation/install/edu_simulation/share/edu_simulation//model/TER2/mesh/TER2.dae
[0.555s] -- Installing: /home/daniel/ros2_ws/src/edu_simulation/install/edu_simulation/share/edu_simulation//model/TER2/model.config
[0.555s] -- Installing: /home/daniel/ros2_ws/src/edu_simulation/install/edu_simulation/share/edu_simulation//model/TER2/model.sdf
[0.555s] -- Installing: /home/daniel/ros2_ws/src/edu_simulation/install/edu_simulation/share/edu_simulation//model/TER1
[0.555s] -- Installing: /home/daniel/ros2_ws/src/edu_simulation/install/edu_simulation/share/edu_simulation//model/TER1/mesh
[0.555s] -- Installing: /home/daniel/ros2_ws/src/edu_simulation/install/edu_simulation/share/edu_simulation//model/TER1/mesh/TER1.dae
[0.566s] -- Installing: /home/daniel/ros2_ws/src/edu_simulation/install/edu_simulation/share/edu_simulation//model/TER1/mesh/TER1.stl
[0.570s] -- Installing: /home/daniel/ros2_ws/src/edu_simulation/install/edu_simulation/share/edu_simulation//model/TER1/model.config
[0.570s] -- Installing: /home/daniel/ros2_ws/src/edu_simulation/install/edu_simulation/share/edu_simulation//model/TER1/model.sdf
[0.570s] -- Installing: /home/daniel/ros2_ws/src/edu_simulation/install/edu_simulation/share/edu_simulation//launch
[0.570s] -- Installing: /home/daniel/ros2_ws/src/edu_simulation/install/edu_simulation/share/edu_simulation//launch/eduard.launch.py
[0.572s] Invoked command in '/home/daniel/ros2_ws/src/edu_simulation/build/edu_simulation' returned '0': CMAKE_PREFIX_PATH=${CMAKE_PREFIX_PATH}:/opt/ros/humble /usr/bin/cmake --install /home/daniel/ros2_ws/src/edu_simulation/build/edu_simulation
